core/datastore/build/intermediates/manifest_merge_blame_file/debug/manifest-merger-blame-debug-report.txt
1<?xml version="1.0" encoding="utf-8"?>
2<manifest xmlns:android="http://schemas.android.com/apk/res/android"
3    package="com.sowhat.datastore" >
4
5    <uses-sdk
6        android:minSdkVersion="24"
7        android:targetSdkVersion="24" />
8
9    <uses-permission android:name="android.permission.REORDER_TASKS" />
9-->[androidx.test:core:1.4.0] AndroidManifest.xml:24:5-72
9-->[androidx.test:core:1.4.0] AndroidManifest.xml:24:22-69
10
11    <permission
11-->[androidx.core:core:1.9.0] AndroidManifest.xml:22:5-24:47
12        android:name="com.sowhat.datastore.DYNAMIC_RECEIVER_NOT_EXPORTED_PERMISSION"
12-->[androidx.core:core:1.9.0] AndroidManifest.xml:23:9-81
13        android:protectionLevel="signature" />
13-->[androidx.core:core:1.9.0] AndroidManifest.xml:24:9-44
14
15    <uses-permission android:name="com.sowhat.datastore.DYNAMIC_RECEIVER_NOT_EXPORTED_PERMISSION" />
15-->[androidx.core:core:1.9.0] AndroidManifest.xml:26:5-97
15-->[androidx.core:core:1.9.0] AndroidManifest.xml:26:22-94
16
17    <application
18        android:appComponentFactory="androidx.core.app.CoreComponentFactory"
18-->[androidx.core:core:1.9.0] AndroidManifest.xml:28:18-86
19        android:debuggable="true"
20        android:extractNativeLibs="false"
21        android:testOnly="true" >
22        <activity
22-->[androidx.test:core:1.4.0] AndroidManifest.xml:27:9-34:20
23            android:name="androidx.test.core.app.InstrumentationActivityInvoker$BootstrapActivity"
23-->[androidx.test:core:1.4.0] AndroidManifest.xml:28:13-99
24            android:exported="true"
24-->[androidx.test:core:1.4.0] AndroidManifest.xml:29:13-36
25            android:theme="@android:style/Theme" >
25-->[androidx.test:core:1.4.0] AndroidManifest.xml:30:13-49
26            <intent-filter>
26-->[androidx.test:core:1.4.0] AndroidManifest.xml:31:13-33:29
27                <action android:name="android.intent.action.MAIN" />
27-->[androidx.test:core:1.4.0] AndroidManifest.xml:32:17-69
27-->[androidx.test:core:1.4.0] AndroidManifest.xml:32:25-66
28            </intent-filter>
29        </activity>
30        <activity
30-->[androidx.test:core:1.4.0] AndroidManifest.xml:35:9-42:20
31            android:name="androidx.test.core.app.InstrumentationActivityInvoker$EmptyActivity"
31-->[androidx.test:core:1.4.0] AndroidManifest.xml:36:13-95
32            android:exported="true"
32-->[androidx.test:core:1.4.0] AndroidManifest.xml:37:13-36
33            android:theme="@android:style/Theme" >
33-->[androidx.test:core:1.4.0] AndroidManifest.xml:38:13-49
34            <intent-filter>
34-->[androidx.test:core:1.4.0] AndroidManifest.xml:31:13-33:29
35                <action android:name="android.intent.action.MAIN" />
35-->[androidx.test:core:1.4.0] AndroidManifest.xml:32:17-69
35-->[androidx.test:core:1.4.0] AndroidManifest.xml:32:25-66
36            </intent-filter>
37        </activity>
38        <activity
38-->[androidx.test:core:1.4.0] AndroidManifest.xml:43:9-50:20
39            android:name="androidx.test.core.app.InstrumentationActivityInvoker$EmptyFloatingActivity"
39-->[androidx.test:core:1.4.0] AndroidManifest.xml:44:13-103
40            android:exported="true"
40-->[androidx.test:core:1.4.0] AndroidManifest.xml:45:13-36
41            android:theme="@android:style/Theme.Dialog" >
41-->[androidx.test:core:1.4.0] AndroidManifest.xml:46:13-56
42            <intent-filter>
42-->[androidx.test:core:1.4.0] AndroidManifest.xml:31:13-33:29
43                <action android:name="android.intent.action.MAIN" />
43-->[androidx.test:core:1.4.0] AndroidManifest.xml:32:17-69
43-->[androidx.test:core:1.4.0] AndroidManifest.xml:32:25-66
44            </intent-filter>
45        </activity>
46
47        <provider
47-->[androidx.emoji2:emoji2:1.2.0] AndroidManifest.xml:24:9-32:20
48            android:name="androidx.startup.InitializationProvider"
48-->[androidx.emoji2:emoji2:1.2.0] AndroidManifest.xml:25:13-67
49            android:authorities="com.sowhat.datastore.androidx-startup"
49-->[androidx.emoji2:emoji2:1.2.0] AndroidManifest.xml:26:13-68
50            android:exported="false" >
50-->[androidx.emoji2:emoji2:1.2.0] AndroidManifest.xml:27:13-37
51            <meta-data
51-->[androidx.emoji2:emoji2:1.2.0] AndroidManifest.xml:29:13-31:52
52                android:name="androidx.emoji2.text.EmojiCompatInitializer"
52-->[androidx.emoji2:emoji2:1.2.0] AndroidManifest.xml:30:17-75
53                android:value="androidx.startup" />
53-->[androidx.emoji2:emoji2:1.2.0] AndroidManifest.xml:31:17-49
54            <meta-data
54-->[androidx.lifecycle:lifecycle-process:2.6.1] AndroidManifest.xml:29:13-31:52
55                android:name="androidx.lifecycle.ProcessLifecycleInitializer"
55-->[androidx.lifecycle:lifecycle-process:2.6.1] AndroidManifest.xml:30:17-78
56                android:value="androidx.startup" />
56-->[androidx.lifecycle:lifecycle-process:2.6.1] AndroidManifest.xml:31:17-49
57            <meta-data
57-->[androidx.profileinstaller:profileinstaller:1.3.0] AndroidManifest.xml:29:13-31:52
58                android:name="androidx.profileinstaller.ProfileInstallerInitializer"
58-->[androidx.profileinstaller:profileinstaller:1.3.0] AndroidManifest.xml:30:17-85
59                android:value="androidx.startup" />
59-->[androidx.profileinstaller:profileinstaller:1.3.0] AndroidManifest.xml:31:17-49
60        </provider>
61
62        <receiver
62-->[androidx.profileinstaller:profileinstaller:1.3.0] AndroidManifest.xml:34:9-52:20
63            android:name="androidx.profileinstaller.ProfileInstallReceiver"
63-->[androidx.profileinstaller:profileinstaller:1.3.0] AndroidManifest.xml:35:13-76
64            android:directBootAware="false"
64-->[androidx.profileinstaller:profileinstaller:1.3.0] AndroidManifest.xml:36:13-44
65            android:enabled="true"
65-->[androidx.profileinstaller:profileinstaller:1.3.0] AndroidManifest.xml:37:13-35
66            android:exported="true"
66-->[androidx.profileinstaller:profileinstaller:1.3.0] AndroidManifest.xml:38:13-36
67            android:permission="android.permission.DUMP" >
67-->[androidx.profileinstaller:profileinstaller:1.3.0] AndroidManifest.xml:39:13-57
68            <intent-filter>
68-->[androidx.profileinstaller:profileinstaller:1.3.0] AndroidManifest.xml:40:13-42:29
69                <action android:name="androidx.profileinstaller.action.INSTALL_PROFILE" />
69-->[androidx.profileinstaller:profileinstaller:1.3.0] AndroidManifest.xml:41:17-91
69-->[androidx.profileinstaller:profileinstaller:1.3.0] AndroidManifest.xml:41:25-88
70            </intent-filter>
71            <intent-filter>
71-->[androidx.profileinstaller:profileinstaller:1.3.0] AndroidManifest.xml:43:13-45:29
72                <action android:name="androidx.profileinstaller.action.SKIP_FILE" />
72-->[androidx.profileinstaller:profileinstaller:1.3.0] AndroidManifest.xml:44:17-85
72-->[androidx.profileinstaller:profileinstaller:1.3.0] AndroidManifest.xml:44:25-82
73            </intent-filter>
74            <intent-filter>
74-->[androidx.profileinstaller:profileinstaller:1.3.0] AndroidManifest.xml:46:13-48:29
75                <action android:name="androidx.profileinstaller.action.SAVE_PROFILE" />
75-->[androidx.profileinstaller:profileinstaller:1.3.0] AndroidManifest.xml:47:17-88
75-->[androidx.profileinstaller:profileinstaller:1.3.0] AndroidManifest.xml:47:25-85
76            </intent-filter>
77            <intent-filter>
77-->[androidx.profileinstaller:profileinstaller:1.3.0] AndroidManifest.xml:49:13-51:29
78                <action android:name="androidx.profileinstaller.action.BENCHMARK_OPERATION" />
78-->[androidx.profileinstaller:profileinstaller:1.3.0] AndroidManifest.xml:50:17-95
78-->[androidx.profileinstaller:profileinstaller:1.3.0] AndroidManifest.xml:50:25-92
79            </intent-filter>
80        </receiver>
81    </application>
82
83</manifest>